SF:lib\fdatabase.dart
DA:9,3
DA:10,1
DA:16,1
DA:18,3
DA:20,0
DA:21,0
DA:24,1
DA:26,1
DA:27,2
DA:28,0
DA:31,2
DA:33,1
DA:35,2
DA:39,2
DA:41,3
DA:43,1
DA:45,1
DA:46,1
DA:47,2
DA:49,6
DA:50,0
DA:53,8
DA:55,1
DA:57,2
DA:61,1
DA:65,1
DA:69,1
DA:71,2
DA:72,1
DA:73,2
DA:75,1
DA:77,1
DA:79,1
DA:81,2
DA:85,1
DA:86,2
DA:88,1
DA:89,5
DA:90,0
DA:91,5
DA:92,0
DA:93,5
DA:94,0
DA:95,5
DA:96,0
DA:97,8
DA:98,0
DA:99,0
DA:104,1
DA:105,1
DA:107,2
DA:108,1
DA:110,0
DA:115,1
DA:116,1
DA:117,0
DA:118,4
DA:119,0
DA:120,4
DA:121,0
DA:122,4
DA:123,0
DA:124,5
DA:125,0
DA:126,0
DA:134,1
DA:135,3
DA:137,0
DA:139,0
DA:140,0
DA:141,0
DA:144,1
DA:146,3
DA:148,2
DA:150,1
DA:152,2
DA:154,2
DA:156,4
DA:158,1
DA:159,7
DA:160,0
DA:161,0
DA:162,0
DA:163,0
DA:169,1
DA:170,5
DA:171,1
DA:172,1
DA:174,1
DA:175,3
DA:176,3
DA:177,3
DA:181,0
DA:184,1
DA:185,1
DA:187,1
DA:191,3
DA:194,0
DA:195,0
DA:197,0
DA:198,0
DA:200,0
DA:201,0
DA:203,1
DA:204,1
DA:207,2
DA:208,0
DA:211,2
DA:213,3
DA:215,1
DA:217,1
DA:219,3
DA:220,1
DA:222,3
DA:223,2
DA:224,1
DA:225,1
DA:229,1
DA:230,2
DA:231,2
DA:235,2
DA:238,2
DA:240,3
DA:241,0
DA:244,1
DA:245,6
DA:246,8
DA:247,1
DA:248,1
DA:250,2
DA:251,3
DA:253,1
DA:255,1
DA:257,3
DA:258,1
DA:260,3
DA:261,2
DA:262,1
DA:263,1
DA:267,2
DA:268,1
DA:269,1
DA:274,1
DA:275,2
DA:276,2
DA:277,1
DA:278,1
DA:279,1
DA:284,0
DA:289,2
DA:290,2
DA:291,2
DA:292,2
DA:293,1
DA:294,2
DA:295,2
DA:296,1
DA:297,1
DA:298,1
DA:302,1
DA:303,1
DA:304,2
DA:305,2
DA:306,1
DA:307,1
DA:308,1
DA:310,4
DA:313,0
DA:316,1
DA:317,2
DA:318,2
DA:319,2
DA:320,2
DA:321,1
DA:322,2
DA:323,2
DA:326,2
DA:327,1
DA:328,2
DA:329,2
DA:330,1
DA:333,2
DA:339,1
DA:340,3
DA:344,3
DA:345,1
DA:346,1
DA:348,3
DA:352,1
DA:353,3
DA:354,1
DA:356,7
DA:357,0
DA:358,0
DA:359,0
DA:360,0
DA:362,0
DA:364,0
DA:366,3
DA:368,2
DA:369,5
DA:370,1
DA:371,0
DA:373,5
DA:374,1
DA:375,0
DA:377,5
DA:378,1
DA:379,0
DA:381,5
DA:382,1
DA:383,0
DA:385,4
DA:386,3
DA:388,0
DA:389,0
DA:391,0
DA:397,1
DA:398,1
DA:399,0
DA:400,0
DA:401,0
DA:404,0
DA:405,0
DA:406,0
DA:407,0
DA:409,0
DA:410,0
DA:412,0
DA:414,1
DA:415,0
DA:416,0
DA:419,0
DA:421,0
DA:423,0
DA:425,0
DA:426,0
DA:427,0
DA:428,0
DA:429,0
DA:430,0
DA:432,0
DA:433,0
DA:434,0
DA:435,0
DA:441,3
DA:442,1
DA:443,1
DA:444,1
DA:445,1
DA:446,1
DA:448,1
DA:449,1
DA:451,0
DA:474,0
DA:477,0
DA:480,0
DA:484,1
DA:485,3
DA:487,0
DA:489,0
DA:491,0
DA:492,0
DA:493,0
DA:495,0
DA:496,0
DA:497,0
DA:501,0
DA:503,0
DA:505,0
DA:507,0
DA:509,0
DA:511,0
DA:512,0
DA:513,0
DA:514,0
DA:519,1
DA:520,1
DA:521,1
DA:523,0
DA:525,1
DA:526,2
DA:537,1
LF:283
LH:187
end_of_record
SF:lib\src\storage_io.dart
DA:4,0
LF:1
LH:0
end_of_record
