SF:lib\fdatabase.dart
DA:7,3
DA:8,1
DA:15,1
DA:17,4
DA:19,0
DA:20,0
DA:23,1
DA:25,1
DA:26,2
DA:27,0
DA:30,2
DA:32,1
DA:34,1
DA:36,1
DA:40,2
DA:42,3
DA:44,1
DA:46,1
DA:47,1
DA:48,2
DA:50,6
DA:51,0
DA:54,8
DA:56,1
DA:58,1
DA:60,1
DA:64,1
DA:66,1
DA:70,1
DA:74,1
DA:76,2
DA:77,1
DA:78,2
DA:80,1
DA:82,1
DA:84,1
DA:86,1
DA:88,1
DA:92,1
DA:94,1
DA:95,2
DA:97,1
DA:98,5
DA:99,0
DA:100,5
DA:101,0
DA:102,5
DA:103,0
DA:104,5
DA:105,0
DA:106,8
DA:107,0
DA:108,0
DA:113,1
DA:114,1
DA:116,2
DA:117,1
DA:119,0
DA:124,1
DA:125,1
DA:126,0
DA:127,4
DA:128,0
DA:129,4
DA:130,0
DA:131,4
DA:132,0
DA:133,5
DA:134,0
DA:135,0
DA:143,1
DA:145,3
DA:148,0
DA:150,0
DA:151,0
DA:152,0
DA:155,1
DA:157,3
DA:159,2
DA:161,1
DA:163,2
DA:165,2
DA:167,4
DA:169,1
DA:170,7
DA:171,0
DA:172,0
DA:173,0
DA:174,0
DA:180,1
DA:181,5
DA:182,1
DA:183,1
DA:185,1
DA:186,3
DA:187,3
DA:188,3
DA:192,0
DA:195,1
DA:196,1
DA:198,1
DA:202,3
DA:205,0
DA:206,0
DA:208,0
DA:210,0
DA:211,0
DA:214,0
DA:216,0
DA:217,0
DA:218,0
DA:221,1
DA:222,1
DA:225,2
DA:226,0
DA:229,2
DA:231,3
DA:233,1
DA:235,1
DA:237,3
DA:238,1
DA:240,3
DA:241,2
DA:242,1
DA:243,1
DA:247,1
DA:248,2
DA:249,2
DA:253,2
DA:256,2
DA:258,3
DA:259,0
DA:262,1
DA:263,6
DA:264,8
DA:265,1
DA:266,1
DA:268,2
DA:269,3
DA:271,1
DA:273,1
DA:275,3
DA:276,1
DA:278,3
DA:279,2
DA:280,1
DA:281,1
DA:285,2
DA:286,1
DA:287,1
DA:292,1
DA:293,2
DA:294,2
DA:295,1
DA:296,1
DA:297,1
DA:302,0
DA:307,2
DA:308,2
DA:309,2
DA:310,2
DA:311,1
DA:312,2
DA:313,2
DA:314,1
DA:315,1
DA:316,1
DA:320,1
DA:321,1
DA:322,2
DA:323,2
DA:324,1
DA:325,1
DA:326,1
DA:328,4
DA:331,0
DA:334,1
DA:335,2
DA:336,2
DA:337,2
DA:338,2
DA:339,1
DA:340,2
DA:341,2
DA:344,2
DA:345,1
DA:346,2
DA:347,2
DA:348,1
DA:351,2
DA:357,1
DA:358,3
DA:362,3
DA:363,1
DA:364,1
DA:366,3
DA:370,1
DA:371,3
DA:372,1
DA:374,7
DA:375,0
DA:376,0
DA:377,0
DA:378,0
DA:380,0
DA:382,0
DA:384,3
DA:386,2
DA:387,5
DA:388,1
DA:389,0
DA:391,5
DA:392,1
DA:393,0
DA:395,5
DA:396,1
DA:397,0
DA:399,5
DA:400,1
DA:401,0
DA:403,4
DA:404,3
DA:406,0
DA:407,0
DA:409,0
DA:415,1
DA:416,1
DA:417,0
DA:418,0
DA:419,0
DA:422,0
DA:423,0
DA:424,0
DA:425,0
DA:427,0
DA:428,0
DA:430,0
DA:432,1
DA:433,0
DA:434,0
DA:437,0
DA:439,0
DA:441,0
DA:443,0
DA:444,0
DA:445,0
DA:446,0
DA:447,0
DA:448,0
DA:450,0
DA:451,0
DA:452,0
DA:453,0
DA:459,3
DA:460,1
DA:461,1
DA:462,1
DA:463,1
DA:464,1
DA:466,1
DA:467,1
DA:469,0
DA:474,1
DA:475,2
DA:476,0
DA:477,0
DA:479,1
DA:482,1
DA:483,2
DA:484,3
DA:487,0
DA:488,0
DA:489,0
DA:492,0
DA:495,0
DA:498,0
DA:502,1
DA:503,3
DA:505,0
DA:507,0
DA:509,0
DA:510,0
DA:511,0
DA:513,0
DA:514,0
DA:515,0
DA:519,0
DA:521,0
DA:523,0
DA:525,0
DA:527,0
DA:529,0
DA:530,0
DA:531,0
DA:532,0
DA:537,1
DA:538,1
DA:539,1
DA:541,0
DA:543,1
DA:544,2
DA:555,1
LF:302
LH:198
end_of_record
SF:lib\src\storage_io.dart
DA:4,0
LF:1
LH:0
end_of_record
