SF:lib\fdatabase.dart
DA:16,3
DA:17,1
DA:23,1
DA:25,3
DA:27,0
DA:28,0
DA:31,1
DA:33,1
DA:34,2
DA:35,0
DA:38,2
DA:40,1
DA:42,2
DA:46,2
DA:48,3
DA:50,1
DA:52,1
DA:53,1
DA:54,2
DA:56,6
DA:57,0
DA:60,2
DA:61,5
DA:62,1
DA:64,1
DA:66,2
DA:70,1
DA:76,1
DA:82,1
DA:84,2
DA:85,1
DA:86,2
DA:88,1
DA:90,1
DA:92,1
DA:94,2
DA:98,1
DA:99,2
DA:101,1
DA:102,3
DA:103,2
DA:104,0
DA:105,0
DA:106,3
DA:107,2
DA:108,0
DA:109,0
DA:110,3
DA:111,2
DA:112,0
DA:113,0
DA:114,3
DA:115,2
DA:116,0
DA:117,0
DA:118,3
DA:119,1
DA:120,3
DA:121,1
DA:122,0
DA:123,0
DA:124,0
DA:125,0
DA:126,0
DA:127,0
DA:128,0
DA:133,1
DA:134,1
DA:136,2
DA:137,1
DA:139,0
DA:144,1
DA:145,1
DA:146,0
DA:147,0
DA:148,0
DA:149,4
DA:150,0
DA:151,3
DA:152,1
DA:153,0
DA:154,0
DA:155,4
DA:156,0
DA:157,3
DA:158,2
DA:159,0
DA:160,0
DA:163,0
DA:171,1
DA:172,3
DA:174,0
DA:176,0
DA:177,0
DA:178,0
DA:181,1
DA:183,3
DA:184,0
DA:186,2
DA:188,1
DA:190,2
DA:192,2
DA:196,4
DA:198,1
DA:200,2
DA:201,1
DA:202,3
DA:203,1
DA:204,0
DA:205,0
DA:206,0
DA:207,0
DA:213,1
DA:214,5
DA:215,1
DA:216,1
DA:218,1
DA:220,3
DA:222,3
DA:223,3
DA:227,0
DA:230,1
DA:231,1
DA:233,1
DA:237,2
DA:238,1
DA:241,0
DA:242,0
DA:244,0
DA:245,0
DA:247,0
DA:248,0
DA:250,1
DA:251,1
DA:254,2
DA:255,0
DA:258,2
DA:261,3
DA:263,1
DA:265,1
DA:267,3
DA:268,1
DA:270,3
DA:271,2
DA:272,1
DA:273,1
DA:277,1
DA:278,2
DA:279,2
DA:283,2
DA:286,2
DA:288,3
DA:289,0
DA:292,1
DA:293,6
DA:294,2
DA:295,5
DA:296,1
DA:297,1
DA:298,1
DA:300,2
DA:301,1
DA:302,2
DA:304,1
DA:306,1
DA:308,3
DA:309,1
DA:311,3
DA:312,2
DA:313,1
DA:314,1
DA:318,2
DA:319,1
DA:320,1
DA:325,1
DA:326,2
DA:327,2
DA:328,1
DA:329,1
DA:330,1
DA:335,0
DA:340,2
DA:341,2
DA:342,2
DA:343,2
DA:344,1
DA:345,2
DA:346,2
DA:347,1
DA:348,1
DA:349,1
DA:353,1
DA:354,1
DA:355,2
DA:356,2
DA:357,1
DA:358,1
DA:359,1
DA:362,3
DA:363,1
DA:366,0
DA:369,1
DA:370,2
DA:371,2
DA:372,2
DA:373,2
DA:374,1
DA:375,2
DA:376,2
DA:379,2
DA:380,1
DA:381,2
DA:382,2
DA:383,1
DA:386,2
DA:392,1
DA:393,3
DA:397,3
DA:398,1
DA:399,1
DA:401,3
DA:405,1
DA:407,3
DA:408,1
DA:410,7
DA:412,0
DA:413,0
DA:414,0
DA:415,0
DA:416,0
DA:418,0
DA:420,0
DA:422,0
DA:425,3
DA:427,2
DA:428,3
DA:429,2
DA:430,1
DA:431,0
DA:432,0
DA:434,0
DA:435,0
DA:436,0
DA:438,3
DA:439,2
DA:440,1
DA:441,0
DA:442,0
DA:444,0
DA:445,0
DA:446,0
DA:448,3
DA:449,2
DA:450,1
DA:451,0
DA:452,0
DA:454,0
DA:455,0
DA:456,0
DA:458,3
DA:459,2
DA:460,1
DA:461,0
DA:462,0
DA:464,0
DA:465,0
DA:466,0
DA:468,3
DA:469,1
DA:470,1
DA:472,1
DA:473,1
DA:475,0
DA:476,0
DA:477,0
DA:479,0
DA:480,0
DA:481,0
DA:484,0
DA:490,1
DA:491,1
DA:492,0
DA:493,0
DA:494,0
DA:497,0
DA:498,0
DA:499,0
DA:500,0
DA:502,0
DA:504,0
DA:505,0
DA:507,0
DA:509,1
DA:510,0
DA:511,0
DA:512,0
DA:515,0
DA:518,0
DA:520,0
DA:522,0
DA:523,0
DA:524,0
DA:525,0
DA:526,0
DA:527,0
DA:529,0
DA:530,0
DA:531,0
DA:532,0
DA:538,3
DA:539,1
DA:540,1
DA:541,1
DA:542,1
DA:543,1
DA:545,1
DA:546,1
DA:548,0
DA:571,0
DA:574,0
DA:577,0
DA:578,0
DA:579,0
DA:583,1
DA:585,3
DA:588,0
DA:590,0
DA:592,0
DA:593,0
DA:594,0
DA:596,0
DA:598,0
DA:599,0
DA:604,0
DA:606,0
DA:608,0
DA:611,0
DA:612,0
DA:614,0
DA:616,0
DA:617,0
DA:618,0
DA:619,0
DA:624,1
DA:626,1
DA:627,1
DA:629,0
DA:631,1
DA:632,2
DA:643,1
LF:350
LH:213
end_of_record
SF:lib\src\storage.dart
DA:5,0
LF:1
LH:0
end_of_record
SF:lib\src\entity.dart
DA:6,1
DA:8,0
DA:9,0
DA:11,1
DA:13,1
DA:14,2
DA:15,7
DA:21,0
DA:23,0
DA:26,0
DA:27,0
DA:28,0
DA:29,0
DA:30,0
DA:31,0
DA:36,0
DA:39,0
DA:40,0
DA:41,0
DA:44,0
DA:45,0
DA:46,0
DA:47,0
DA:48,0
DA:49,0
DA:50,0
LF:26
LH:5
end_of_record
SF:lib\src\exceptions.dart
DA:5,2
DA:9,1
DA:13,0
DA:17,1
DA:21,1
DA:22,0
LF:6
LH:4
end_of_record
SF:lib\src\class.dart
DA:8,1
DA:13,0
DA:18,0
DA:19,0
DA:20,0
DA:21,0
DA:25,1
DA:26,0
DA:28,1
DA:29,1
DA:30,3
DA:31,3
DA:32,6
DA:36,1
DA:37,4
DA:40,0
DA:42,0
LF:17
LH:9
end_of_record
SF:lib\src\parameter.dart
DA:6,1
DA:14,1
DA:21,1
DA:23,1
DA:24,1
DA:25,1
DA:26,1
DA:31,0
DA:33,0
DA:38,0
DA:41,0
DA:43,0
DA:44,0
DA:45,0
DA:50,0
DA:52,0
LF:16
LH:7
end_of_record
SF:lib\src\storage\storage_io.dart
DA:16,0
DA:18,0
DA:19,0
DA:21,0
DA:23,0
DA:25,0
DA:28,0
DA:30,0
DA:32,0
DA:36,0
DA:39,0
DA:40,0
DA:42,0
DA:44,0
DA:45,0
DA:46,0
DA:49,0
DA:51,0
DA:52,0
DA:53,0
DA:54,0
DA:55,0
DA:57,0
DA:61,0
DA:64,0
DA:66,0
DA:67,0
DA:68,0
DA:72,0
DA:73,0
DA:75,0
DA:76,0
DA:78,0
LF:33
LH:0
end_of_record
